<?xml version="1.0" encoding="UTF-8"?>
<testsuite name="com.devops.prog2.AppTest" tests="1" skipped="0" failures="0" errors="0" timestamp="2025-06-01T23:34:39.594Z" hostname="DESKTOP-OVIOI49" time="0.003">
  <properties/>
  <testcase name="testApp" classname="com.devops.prog2.AppTest" time="0.003"/>
  <system-out><![CDATA[]]></system-out>
  <system-err><![CDATA[]]></system-err>
</testsuite>
